

Processing SessionsController#new (for 127.0.0.1 at 2010-09-20 16:54:02) [GET]

ActionView::MissingTemplate (Missing template sessions/new.erb in view path app/views):
  app/controllers/sessions_controller.rb:4:in `new'

Rendering rescues/layout (internal_server_error)


Processing SessionsController#new (for 127.0.0.1 at 2010-09-20 17:04:04) [GET]
Rendering template within layouts/application
Rendering sessions/new

ActionView::TemplateError (uninitialized constant ActionView::Base::CompiledTemplates::Facebook) on line #28 of app/views/layouts/application.html.erb:
25:   <script language="JavaScript" type="text/javascript">
26:     window.fbAsyncInit = function () {
27:       FB.init({
28:         appId: <%= Facebook::APP_ID %>,
29:         cookie: true,
30:         status: true,
31:         xfbml: true

    app/views/layouts/application.html.erb:28
    app/controllers/sessions_controller.rb:4:in `new'

Rendered rescues/_trace (73.0ms)
Rendered rescues/_request_and_response (2.4ms)
Rendering rescues/layout (internal_server_error)


Processing SessionsController#new (for 127.0.0.1 at 2010-09-20 17:05:45) [GET]
Rendering template within layouts/application
Rendering sessions/new
Completed in 12ms (View: 8, DB: 0) | 200 OK [http://yafamily.com/]


Processing ApplicationController#index (for 127.0.0.1 at 2010-09-20 17:05:48) [GET]

ActionController::RoutingError (No route matches "/javascripts/jquery-1.3.2" with {:method=>:get}):
  

Rendering rescues/layout (not_found)


Processing ApplicationController#index (for 127.0.0.1 at 2010-09-20 17:05:49) [GET]

ActionController::RoutingError (No route matches "/javascripts/jquery.boxy" with {:method=>:get}):
  

Rendering rescues/layout (not_found)


Processing SessionsController#new (for 127.0.0.1 at 2010-09-20 17:16:49) [GET]
Rendering template within layouts/application
Rendering sessions/new
Completed in 6ms (View: 2, DB: 0) | 200 OK [http://yafamily.com/]


Processing ApplicationController#index (for 127.0.0.1 at 2010-09-20 17:16:51) [GET]

ActionController::RoutingError (No route matches "/javascripts/jquery-1.3.2" with {:method=>:get}):
  

Rendering rescues/layout (not_found)


Processing ApplicationController#index (for 127.0.0.1 at 2010-09-20 17:16:51) [GET]

ActionController::RoutingError (No route matches "/javascripts/jquery.boxy" with {:method=>:get}):
  

Rendering rescues/layout (not_found)


Processing SessionsController#new (for 127.0.0.1 at 2010-09-20 17:20:00) [GET]
Rendering template within layouts/application
Rendering sessions/new
Completed in 4ms (View: 1, DB: 0) | 200 OK [http://yafamily.com/]


Processing ApplicationController#index (for 127.0.0.1 at 2010-09-20 17:20:02) [GET]

ActionController::RoutingError (No route matches "/javascripts/jquery-1.3.2" with {:method=>:get}):
  

Rendering rescues/layout (not_found)


Processing ApplicationController#index (for 127.0.0.1 at 2010-09-20 17:20:03) [GET]

ActionController::RoutingError (No route matches "/javascripts/jquery.boxy" with {:method=>:get}):
  

Rendering rescues/layout (not_found)


Processing SessionsController#new (for 127.0.0.1 at 2010-09-20 17:27:55) [GET]
Rendering template within layouts/application
Rendering sessions/new
Completed in 15ms (View: 11, DB: 0) | 200 OK [http://yafamily.com/]


Processing ApplicationController#index (for 127.0.0.1 at 2010-09-20 17:27:57) [GET]

ActionController::RoutingError (No route matches "/javascripts/jquery-1.3.2" with {:method=>:get}):
  

Rendering rescues/layout (not_found)


Processing ApplicationController#index (for 127.0.0.1 at 2010-09-20 17:27:57) [GET]

ActionController::RoutingError (No route matches "/javascripts/jquery.boxy" with {:method=>:get}):
  

Rendering rescues/layout (not_found)


Processing SessionsController#new (for 127.0.0.1 at 2010-09-20 17:34:00) [GET]
Rendering template within layouts/application
Rendering sessions/new
Completed in 7ms (View: 2, DB: 0) | 200 OK [http://yafamily.com/]


Processing ApplicationController#index (for 127.0.0.1 at 2010-09-20 17:34:01) [GET]

ActionController::RoutingError (No route matches "/javascripts/jquery-1.3.2" with {:method=>:get}):
  

Rendering rescues/layout (not_found)


Processing ApplicationController#index (for 127.0.0.1 at 2010-09-20 17:34:02) [GET]

ActionController::RoutingError (No route matches "/javascripts/jquery.boxy" with {:method=>:get}):
  

Rendering rescues/layout (not_found)


Processing SessionsController#new (for 127.0.0.1 at 2010-09-20 17:34:26) [GET]
Rendering template within layouts/application
Rendering sessions/new
Completed in 6ms (View: 2, DB: 0) | 200 OK [http://yafamily.com/]


Processing ApplicationController#index (for 127.0.0.1 at 2010-09-20 17:34:28) [GET]

ActionController::RoutingError (No route matches "/javascripts/jquery-1.3.2" with {:method=>:get}):
  

Rendering rescues/layout (not_found)


Processing ApplicationController#index (for 127.0.0.1 at 2010-09-20 17:34:28) [GET]

ActionController::RoutingError (No route matches "/javascripts/jquery.boxy" with {:method=>:get}):
  

Rendering rescues/layout (not_found)


Processing SessionsController#new (for 127.0.0.1 at 2010-09-20 17:36:51) [GET]
Rendering template within layouts/application
Rendering sessions/new
Completed in 12ms (View: 10, DB: 0) | 200 OK [http://yafamily.com/]


Processing SessionsController#new (for 127.0.0.1 at 2010-09-20 17:37:07) [GET]
Rendering template within layouts/application
Rendering sessions/new
Completed in 6ms (View: 2, DB: 0) | 200 OK [http://yafamily.com/]


Processing SessionsController#new (for 127.0.0.1 at 2010-09-20 17:38:57) [GET]
Rendering template within layouts/application
Rendering sessions/new
Completed in 6ms (View: 2, DB: 0) | 200 OK [http://yafamily.com/]


Processing SessionsController#new (for 127.0.0.1 at 2010-09-20 17:48:18) [GET]
Rendering template within layouts/application
Rendering sessions/new
Completed in 10ms (View: 6, DB: 0) | 200 OK [http://yafamily.com/]


Processing SessionsController#new (for 127.0.0.1 at 2010-09-20 17:48:38) [GET]
Rendering template within layouts/application
Rendering sessions/new
Completed in 6ms (View: 2, DB: 0) | 200 OK [http://yafamily.com/]


Processing SessionsController#new (for 127.0.0.1 at 2010-09-20 17:51:53) [GET]
Rendering template within layouts/application
Rendering sessions/new
Completed in 12ms (View: 10, DB: 0) | 200 OK [http://yafamily.com/]


Processing SessionsController#new (for 127.0.0.1 at 2010-09-20 18:11:29) [GET]
Rendering template within layouts/application
Rendering sessions/new
Completed in 6ms (View: 2, DB: 0) | 200 OK [http://yafamily.com/]


Processing SessionsController#new (for 127.0.0.1 at 2010-09-20 18:34:06) [GET]
Rendering template within layouts/application
Rendering sessions/new
Completed in 6ms (View: 2, DB: 0) | 200 OK [http://yafamily.com/]


Processing SessionsController#new (for 127.0.0.1 at 2010-09-20 18:34:54) [GET]
Rendering template within layouts/application
Rendering sessions/new
Completed in 11ms (View: 7, DB: 0) | 200 OK [http://yafamily.com/]


Processing SessionsController#new (for 127.0.0.1 at 2010-09-20 18:35:17) [GET]
Rendering template within layouts/application
Rendering sessions/new
Completed in 6ms (View: 2, DB: 0) | 200 OK [http://yafamily.com/]


Processing SessionsController#new (for 127.0.0.1 at 2010-09-20 18:35:33) [GET]
Rendering template within layouts/application
Rendering sessions/new
Completed in 6ms (View: 2, DB: 0) | 200 OK [http://yafamily.com/]


Processing SessionsController#new (for 127.0.0.1 at 2010-09-20 18:38:32) [GET]
Rendering template within layouts/application
Rendering sessions/new
Completed in 11ms (View: 7, DB: 0) | 200 OK [http://yafamily.com/]


Processing SessionsController#new (for 127.0.0.1 at 2010-09-20 18:42:01) [GET]
Rendering template within layouts/application
Rendering sessions/new
Completed in 6ms (View: 2, DB: 0) | 200 OK [http://yafamily.com/]


Processing SessionsController#new (for 127.0.0.1 at 2010-09-20 18:45:00) [GET]
Rendering template within layouts/application
Rendering sessions/new
Completed in 9ms (View: 1, DB: 0) | 200 OK [http://yafamily.com/]


Processing SessionsController#new (for 127.0.0.1 at 2010-09-20 18:48:01) [GET]
Rendering template within layouts/application
Rendering sessions/new
Completed in 5ms (View: 2, DB: 0) | 200 OK [http://yafamily.com/]


Processing SessionsController#new (for 127.0.0.1 at 2010-09-20 18:52:37) [GET]
Rendering template within layouts/application
Rendering sessions/new
Completed in 6ms (View: 2, DB: 0) | 200 OK [http://yafamily.com/]


Processing SessionsController#new (for 127.0.0.1 at 2010-09-20 21:19:30) [GET]
Rendering template within layouts/application
Rendering sessions/new
Completed in 17ms (View: 12, DB: 0) | 200 OK [http://yafamily.com/]
